#
# There is insufficient memory for the Java Runtime Environment to continue.
# Native memory allocation (mmap) failed to map 305135616 bytes for committing reserved memory.
# Possible reasons:
#   The system is out of physical RAM or swap space
#   In 32 bit mode, the process size limit was hit
# Possible solutions:
#   Reduce memory load on the system
#   Increase physical memory or swap space
#   Check if swap backing store is full
#   Use 64 bit Java on a 64 bit OS
#   Decrease Java heap size (-Xmx/-Xms)
#   Decrease number of Java threads
#   Decrease Java thread stack sizes (-Xss)
#   Set larger code cache with -XX:ReservedCodeCacheSize=
# This output file may be truncated or incomplete.
#
#  Out of Memory Error (os_linux.cpp:2640), pid=21624, tid=0x00007f1b5636c700
#
# JRE version: Java(TM) SE Runtime Environment (8.0_171-b11) (build 1.8.0_171-b11)
# Java VM: Java HotSpot(TM) 64-Bit Server VM (25.171-b11 mixed mode linux-amd64 compressed oops)
# Core dump written. Default location: /data/home/gsmet/git/hibernate-orm/documentation/core or core.21624
#

---------------  T H R E A D  ---------------

Current thread (0x00007f1b80080800):  VMThread [stack: 0x00007f1b5626d000,0x00007f1b5636d000] [id=21639]

Stack: [0x00007f1b5626d000,0x00007f1b5636d000],  sp=0x00007f1b5636b2c0,  free space=1016k
Native frames: (J=compiled Java code, j=interpreted, Vv=VM code, C=native code)
V  [libjvm.so+0xacfffa]  VMError::report_and_die()+0x2ba
V  [libjvm.so+0x5005cb]  report_vm_out_of_memory(char const*, int, unsigned long, VMErrorType, char const*)+0x8b
V  [libjvm.so+0x92dd93]  os::Linux::commit_memory_impl(char*, unsigned long, bool)+0x123
V  [libjvm.so+0x92dfb9]  os::pd_commit_memory(char*, unsigned long, unsigned long, bool)+0x29
V  [libjvm.so+0x92527a]  os::commit_memory(char*, unsigned long, unsigned long, bool)+0x2a
V  [libjvm.so+0x99b223]  PSVirtualSpace::expand_by(unsigned long)+0x53
V  [libjvm.so+0x99c628]  PSYoungGen::resize_generation(unsigned long, unsigned long)+0xf8
V  [libjvm.so+0x99b782]  PSYoungGen::resize(unsigned long, unsigned long)+0x22
V  [libjvm.so+0x998a5b]  PSScavenge::invoke_no_policy()+0xf3b
V  [libjvm.so+0x9991e1]  PSScavenge::invoke()+0x41
V  [libjvm.so+0x94fcb0]  ParallelScavengeHeap::failed_mem_allocate(unsigned long)+0x70
V  [libjvm.so+0xad1a77]  VM_ParallelGCFailedAllocation::doit()+0x97
V  [libjvm.so+0xad9595]  VM_Operation::evaluate()+0x55
V  [libjvm.so+0xad795a]  VMThread::evaluate_operation(VM_Operation*)+0xba
V  [libjvm.so+0xad7cde]  VMThread::loop()+0x1ce
V  [libjvm.so+0xad8150]  VMThread::run()+0x70
V  [libjvm.so+0x92e0f8]  java_start(Thread*)+0x108

VM_Operation (0x00007f1b54a04e00): ParallelGCFailedAllocation, mode: safepoint, requested by thread 0x00007f1b04090800


---------------  P R O C E S S  ---------------

Java Threads: ( => current thread )
  0x00007f1b0086f000 JavaThread "Hibernate Connection Pool Validation Thread" daemon [_thread_blocked, id=21813, stack(0x00007f1b540f9000,0x00007f1b541fa000)]
  0x00007f1b04090800 JavaThread "Time-limited test" daemon [_thread_blocked, id=21811, stack(0x00007f1b54909000,0x00007f1b54a0a000)]
  0x00007f1b00171800 JavaThread "Abandoned connection cleanup thread" daemon [_thread_blocked, id=21659, stack(0x00007f1b54608000,0x00007f1b54709000)]
  0x00007f1b8076e000 JavaThread "/0:0:0:0:0:0:0:1:40838 to /0:0:0:0:0:0:0:1:33839 workers Thread 3" [_thread_in_native, id=21655, stack(0x00007f1b54e0a000,0x00007f1b54f0b000)]
  0x00007f1b80773000 JavaThread "/0:0:0:0:0:0:0:1:40838 to /0:0:0:0:0:0:0:1:33839 workers Thread 2" [_thread_blocked, id=21654, stack(0x00007f1b54f0b000,0x00007f1b5500c000)]
  0x00007f1b8072d000 JavaThread "Test worker" [_thread_blocked, id=21653, stack(0x00007f1b5500c000,0x00007f1b5510d000)]
  0x00007f1b8010f800 JavaThread "Service Thread" daemon [_thread_blocked, id=21647, stack(0x00007f1b55a64000,0x00007f1b55b65000)]
  0x00007f1b80104000 JavaThread "C1 CompilerThread3" daemon [_thread_blocked, id=21646, stack(0x00007f1b55b66000,0x00007f1b55c66000)]
  0x00007f1b80102000 JavaThread "C2 CompilerThread2" daemon [_thread_blocked, id=21645, stack(0x00007f1b55c67000,0x00007f1b55d67000)]
  0x00007f1b80100000 JavaThread "C2 CompilerThread1" daemon [_thread_blocked, id=21644, stack(0x00007f1b55d68000,0x00007f1b55e68000)]
  0x00007f1b800fe000 JavaThread "C2 CompilerThread0" daemon [_thread_blocked, id=21643, stack(0x00007f1b55e69000,0x00007f1b55f69000)]
  0x00007f1b800fb800 JavaThread "Signal Dispatcher" daemon [_thread_blocked, id=21642, stack(0x00007f1b55f69000,0x00007f1b5606a000)]
  0x00007f1b8008d000 JavaThread "Finalizer" daemon [_thread_blocked, id=21641, stack(0x00007f1b5606a000,0x00007f1b5616b000)]
  0x00007f1b80088800 JavaThread "Reference Handler" daemon [_thread_blocked, id=21640, stack(0x00007f1b5616b000,0x00007f1b5626c000)]
  0x00007f1b8000b000 JavaThread "main" [_thread_blocked, id=21630, stack(0x00007f1b88479000,0x00007f1b88579000)]

Other Threads:
=>0x00007f1b80080800 VMThread [stack: 0x00007f1b5626d000,0x00007f1b5636d000] [id=21639]
  0x00007f1b80114800 WatcherThread [stack: 0x00007f1b55964000,0x00007f1b55a64000] [id=21648]

VM state:at safepoint (normal execution)

VM Mutex/Monitor currently owned by a thread:  ([mutex/lock_event])
[0x00007f1b80007ee0] Threads_lock - owner thread: 0x00007f1b80080800
[0x00007f1b800083e0] Heap_lock - owner thread: 0x00007f1b04090800

Heap:
 PSYoungGen      total 513024K, used 2256K [0x000000076ab00000, 0x000000078b200000, 0x00000007c0000000)
  eden space 495104K, 0% used [0x000000076ab00000,0x000000076ab00000,0x0000000788e80000)
  from space 17920K, 12% used [0x0000000788e80000,0x00000007890b4010,0x000000078a000000)
  to   space 17408K, 0% used [0x000000078a000000,0x000000078a000000,0x000000078b100000)
 ParOldGen       total 165376K, used 18486K [0x00000006c0000000, 0x00000006ca180000, 0x000000076ab00000)
  object space 165376K, 11% used [0x00000006c0000000,0x00000006c120dbd8,0x00000006ca180000)
 Metaspace       used 43584K, capacity 44588K, committed 44928K, reserved 1089536K
  class space    used 5143K, capacity 5402K, committed 5504K, reserved 1048576K

Card table byte_map: [0x00007f1b84fc3000,0x00007f1b857c4000] byte_map_base: 0x00007f1b819c3000

Marking Bits: (ParMarkBitMap*) 0x00007f1b87959280
 Begin Bits: [0x00007f1b40000000, 0x00007f1b44000000)
 End Bits:   [0x00007f1b44000000, 0x00007f1b48000000)

Polling page: 0x00007f1b885a3000

CodeCache: size=245760Kb used=30240Kb max_used=30373Kb free=215519Kb
 bounds [0x00007f1b71000000, 0x00007f1b72df0000, 0x00007f1b80000000]
 total_blobs=9003 nmethods=8452 adapters=462
 compilation: enabled

Compilation events (10 events):
Event: 9.056 Thread 0x00007f1b80104000 nmethod 9564 0x00007f1b71954d90 code [0x00007f1b71954f20, 0x00007f1b71955328]
Event: 9.058 Thread 0x00007f1b800fe000 9565       4       java.lang.ClassLoader::getResources (53 bytes)
Event: 9.077 Thread 0x00007f1b800fe000 nmethod 9565 0x00007f1b71ac6650 code [0x00007f1b71ac68c0, 0x00007f1b71ac7f08]
Event: 9.086 Thread 0x00007f1b80102000 9566       4       org.hsqldb.lib.HsqlArrayList::add (147 bytes)
Event: 9.089 Thread 0x00007f1b80100000 nmethod 9556 0x00007f1b719e6c10 code [0x00007f1b719e6e60, 0x00007f1b719e9708]
Event: 9.102 Thread 0x00007f1b80102000 nmethod 9566 0x00007f1b71e3ae10 code [0x00007f1b71e3afa0, 0x00007f1b71e3b1a8]
Event: 9.106 Thread 0x00007f1b800fe000 9567       4       org.hibernate.annotations.common.reflection.ReflectionUtil::isProperty (58 bytes)
Event: 9.106 Thread 0x00007f1b80104000 9568       1       java.util.stream.AbstractPipeline::isParallel (8 bytes)
Event: 9.107 Thread 0x00007f1b80104000 nmethod 9568 0x00007f1b71c0ffd0 code [0x00007f1b71c10120, 0x00007f1b71c10230]
Event: 9.108 Thread 0x00007f1b800fe000 nmethod 9567 0x00007f1b725909d0 code [0x00007f1b72590b40, 0x00007f1b72590c98]

GC Heap History (10 events):
Event: 2.533 GC heap after
Heap after GC invocations=4 (full 0):
 PSYoungGen      total 134144K, used 10232K [0x000000076ab00000, 0x0000000773800000, 0x00000007c0000000)
  eden space 123904K, 0% used [0x000000076ab00000,0x000000076ab00000,0x0000000772400000)
  from space 10240K, 99% used [0x0000000772e00000,0x00000007737fe230,0x0000000773800000)
  to   space 10240K, 0% used [0x0000000772400000,0x0000000772400000,0x0000000772e00000)
 ParOldGen       total 165376K, used 8813K [0x00000006c0000000, 0x00000006ca180000, 0x000000076ab00000)
  object space 165376K, 5% used [0x00000006c0000000,0x00000006c089b418,0x00000006ca180000)
 Metaspace       used 34332K, capacity 34832K, committed 35456K, reserved 1079296K
  class space    used 4516K, capacity 4662K, committed 4736K, reserved 1048576K
}
Event: 3.659 GC heap before
{Heap before GC invocations=5 (full 0):
 PSYoungGen      total 134144K, used 134136K [0x000000076ab00000, 0x0000000773800000, 0x00000007c0000000)
  eden space 123904K, 100% used [0x000000076ab00000,0x0000000772400000,0x0000000772400000)
  from space 10240K, 99% used [0x0000000772e00000,0x00000007737fe230,0x0000000773800000)
  to   space 10240K, 0% used [0x0000000772400000,0x0000000772400000,0x0000000772e00000)
 ParOldGen       total 165376K, used 8813K [0x00000006c0000000, 0x00000006ca180000, 0x000000076ab00000)
  object space 165376K, 5% used [0x00000006c0000000,0x00000006c089b418,0x00000006ca180000)
 Metaspace       used 37069K, capacity 37634K, committed 38016K, reserved 1083392K
  class space    used 4715K, capacity 4871K, committed 4992K, reserved 1048576K
Event: 3.670 GC heap after
Heap after GC invocations=5 (full 0):
 PSYoungGen      total 134144K, used 10227K [0x000000076ab00000, 0x000000077c000000, 0x00000007c0000000)
  eden space 123904K, 0% used [0x000000076ab00000,0x000000076ab00000,0x0000000772400000)
  from space 10240K, 99% used [0x0000000772400000,0x0000000772dfcf30,0x0000000772e00000)
  to   space 17920K, 0% used [0x000000077ae80000,0x000000077ae80000,0x000000077c000000)
 ParOldGen       total 165376K, used 9190K [0x00000006c0000000, 0x00000006ca180000, 0x000000076ab00000)
  object space 165376K, 5% used [0x00000006c0000000,0x00000006c08f9910,0x00000006ca180000)
 Metaspace       used 37069K, capacity 37634K, committed 38016K, reserved 1083392K
  class space    used 4715K, capacity 4871K, committed 4992K, reserved 1048576K
}
Event: 4.502 GC heap before
{Heap before GC invocations=6 (full 0):
 PSYoungGen      total 134144K, used 134131K [0x000000076ab00000, 0x000000077c000000, 0x00000007c0000000)
  eden space 123904K, 100% used [0x000000076ab00000,0x0000000772400000,0x0000000772400000)
  from space 10240K, 99% used [0x0000000772400000,0x0000000772dfcf30,0x0000000772e00000)
  to   space 17920K, 0% used [0x000000077ae80000,0x000000077ae80000,0x000000077c000000)
 ParOldGen       total 165376K, used 9190K [0x00000006c0000000, 0x00000006ca180000, 0x000000076ab00000)
  object space 165376K, 5% used [0x00000006c0000000,0x00000006c08f9910,0x00000006ca180000)
 Metaspace       used 38310K, capacity 38984K, committed 39296K, reserved 1083392K
  class space    used 4775K, capacity 4944K, committed 4992K, reserved 1048576K
Event: 4.524 GC heap after
Heap after GC invocations=6 (full 0):
 PSYoungGen      total 263680K, used 10303K [0x000000076ab00000, 0x000000077be00000, 0x00000007c0000000)
  eden space 247808K, 0% used [0x000000076ab00000,0x000000076ab00000,0x0000000779d00000)
  from space 15872K, 64% used [0x000000077ae80000,0x000000077b88fdf8,0x000000077be00000)
  to   space 16896K, 0% used [0x0000000779d00000,0x0000000779d00000,0x000000077ad80000)
 ParOldGen       total 165376K, used 9206K [0x00000006c0000000, 0x00000006ca180000, 0x000000076ab00000)
  object space 165376K, 5% used [0x00000006c0000000,0x00000006c08fd910,0x00000006ca180000)
 Metaspace       used 38310K, capacity 38984K, committed 39296K, reserved 1083392K
  class space    used 4775K, capacity 4944K, committed 4992K, reserved 1048576K
}
Event: 5.780 GC heap before
{Heap before GC invocations=7 (full 0):
 PSYoungGen      total 263680K, used 258111K [0x000000076ab00000, 0x000000077be00000, 0x00000007c0000000)
  eden space 247808K, 100% used [0x000000076ab00000,0x0000000779d00000,0x0000000779d00000)
  from space 15872K, 64% used [0x000000077ae80000,0x000000077b88fdf8,0x000000077be00000)
  to   space 16896K, 0% used [0x0000000779d00000,0x0000000779d00000,0x000000077ad80000)
 ParOldGen       total 165376K, used 9206K [0x00000006c0000000, 0x00000006ca180000, 0x000000076ab00000)
  object space 165376K, 5% used [0x00000006c0000000,0x00000006c08fd910,0x00000006ca180000)
 Metaspace       used 40215K, capacity 41038K, committed 41216K, reserved 1085440K
  class space    used 4903K, capacity 5089K, committed 5120K, reserved 1048576K
Event: 5.801 GC heap after
Heap after GC invocations=7 (full 0):
 PSYoungGen      total 264704K, used 5482K [0x000000076ab00000, 0x000000078b100000, 0x00000007c0000000)
  eden space 247808K, 0% used [0x000000076ab00000,0x000000076ab00000,0x0000000779d00000)
  from space 16896K, 32% used [0x0000000779d00000,0x000000077a25aad0,0x000000077ad80000)
  to   space 17408K, 0% used [0x000000078a000000,0x000000078a000000,0x000000078b100000)
 ParOldGen       total 165376K, used 14211K [0x00000006c0000000, 0x00000006ca180000, 0x000000076ab00000)
  object space 165376K, 8% used [0x00000006c0000000,0x00000006c0de0e88,0x00000006ca180000)
 Metaspace       used 40215K, capacity 41038K, committed 41216K, reserved 1085440K
  class space    used 4903K, capacity 5089K, committed 5120K, reserved 1048576K
}
Event: 6.936 GC heap before
{Heap before GC invocations=8 (full 0):
 PSYoungGen      total 264704K, used 253290K [0x000000076ab00000, 0x000000078b100000, 0x00000007c0000000)
  eden space 247808K, 100% used [0x000000076ab00000,0x0000000779d00000,0x0000000779d00000)
  from space 16896K, 32% used [0x0000000779d00000,0x000000077a25aad0,0x000000077ad80000)
  to   space 17408K, 0% used [0x000000078a000000,0x000000078a000000,0x000000078b100000)
 ParOldGen       total 165376K, used 14211K [0x00000006c0000000, 0x00000006ca180000, 0x000000076ab00000)
  object space 165376K, 8% used [0x00000006c0000000,0x00000006c0de0e88,0x00000006ca180000)
 Metaspace       used 41565K, capacity 42444K, committed 42624K, reserved 1087488K
  class space    used 4989K, capacity 5182K, committed 5248K, reserved 1048576K
Event: 6.945 GC heap after
Heap after GC invocations=8 (full 0):
 PSYoungGen      total 512512K, used 2352K [0x000000076ab00000, 0x000000078b200000, 0x00000007c0000000)
  eden space 495104K, 0% used [0x000000076ab00000,0x000000076ab00000,0x0000000788e80000)
  from space 17408K, 13% used [0x000000078a000000,0x000000078a24c010,0x000000078b100000)
  to   space 17920K, 0% used [0x0000000788e80000,0x0000000788e80000,0x000000078a000000)
 ParOldGen       total 165376K, used 17726K [0x00000006c0000000, 0x00000006ca180000, 0x000000076ab00000)
  object space 165376K, 10% used [0x00000006c0000000,0x00000006c114fbd8,0x00000006ca180000)
 Metaspace       used 41565K, capacity 42444K, committed 42624K, reserved 1087488K
  class space    used 4989K, capacity 5182K, committed 5248K, reserved 1048576K
}
Event: 9.142 GC heap before
{Heap before GC invocations=9 (full 0):
 PSYoungGen      total 512512K, used 497456K [0x000000076ab00000, 0x000000078b200000, 0x00000007c0000000)
  eden space 495104K, 100% used [0x000000076ab00000,0x0000000788e80000,0x0000000788e80000)
  from space 17408K, 13% used [0x000000078a000000,0x000000078a24c010,0x000000078b100000)
  to   space 17920K, 0% used [0x0000000788e80000,0x0000000788e80000,0x000000078a000000)
 ParOldGen       total 165376K, used 17726K [0x00000006c0000000, 0x00000006ca180000, 0x000000076ab00000)
  object space 165376K, 10% used [0x00000006c0000000,0x00000006c114fbd8,0x00000006ca180000)
 Metaspace       used 43584K, capacity 44588K, committed 44928K, reserved 1089536K
  class space    used 5143K, capacity 5402K, committed 5504K, reserved 1048576K

Deoptimization events (10 events):
Event: 7.556 Thread 0x00007f1b04090800 Uncommon trap: reason=null_check action=make_not_entrant pc=0x00007f1b729f1a24 method=org.hibernate.loader.plan.build.internal.AbstractLoadPlanBuildingAssociationVisitationStrategy.finishingAttribute(Lorg/hibernate/persister/walking/spi/AttributeDefinitio
Event: 7.584 Thread 0x00007f1b04090800 Uncommon trap: reason=unstable_if action=reinterpret pc=0x00007f1b725a9394 method=org.hibernate.engine.jdbc.internal.BasicFormatterImpl$FormatProcess.misc()V @ 54
Event: 8.029 Thread 0x00007f1b04090800 Uncommon trap: reason=unloaded action=reinterpret pc=0x00007f1b727c37e0 method=org.hibernate.hql.internal.ast.SqlASTFactory.getASTNodeType(I)Ljava/lang/Class; @ 695
Event: 8.030 Thread 0x00007f1b04090800 Uncommon trap: reason=unstable_if action=reinterpret pc=0x00007f1b72a3d400 method=org.hsqldb.ParserDQL.XreadPredicateRightPart(Lorg/hsqldb/Expression;)Lorg/hsqldb/Expression; @ 167
Event: 8.176 Thread 0x00007f1b04090800 Uncommon trap: reason=unstable_if action=reinterpret pc=0x00007f1b7177301c method=java.lang.String$CaseInsensitiveComparator.compare(Ljava/lang/String;Ljava/lang/String;)I @ 70
Event: 8.325 Thread 0x00007f1b80773000 Uncommon trap: reason=unstable_if action=reinterpret pc=0x00007f1b71bfbda0 method=java.util.concurrent.locks.LockSupport.unpark(Ljava/lang/Thread;)V @ 1
Event: 8.334 Thread 0x00007f1b04090800 Uncommon trap: reason=unstable_if action=reinterpret pc=0x00007f1b71e6be34 method=java.util.concurrent.locks.AbstractQueuedSynchronizer.unparkSuccessor(Ljava/util/concurrent/locks/AbstractQueuedSynchronizer$Node;)V @ 22
Event: 8.425 Thread 0x00007f1b04090800 Uncommon trap: reason=unstable_if action=reinterpret pc=0x00007f1b727c26f4 method=org.hsqldb.Expression.equals(Lorg/hsqldb/Expression;)Z @ 2
Event: 8.870 Thread 0x00007f1b04090800 Uncommon trap: reason=unstable_if action=reinterpret pc=0x00007f1b7239a084 method=org.hsqldb.Expression.resolveColumnReferences(Lorg/hsqldb/Session;Lorg/hsqldb/RangeGroup;I[Lorg/hsqldb/RangeGroup;Lorg/hsqldb/lib/HsqlList;Z)Lorg/hsqldb/lib/HsqlList; @ 44
Event: 9.045 Thread 0x00007f1b04090800 Uncommon trap: reason=unstable_if action=reinterpret pc=0x00007f1b726e17d4 method=org.hibernate.hql.internal.antlr.HqlBaseLexer.mID_LETTER(Z)V @ 26

Classes redefined (0 events):
No events

Internal exceptions (10 events):
Event: 0.700 Thread 0x00007f1b8072d000 Implicit null exception at 0x00007f1b711f8f76 to 0x00007f1b711f9335
Event: 1.090 Thread 0x00007f1b04221000 Implicit null exception at 0x00007f1b713190db to 0x00007f1b713197c9
Event: 1.244 Thread 0x00007f1b04221000 Exception <a 'java/lang/NoClassDefFoundError': org/slf4j/impl/StaticLoggerBinder> (0x000000076e3b93f0) thrown at [/HUDSON/workspace/8-2-build-linux-amd64/jdk8u171/10807/hotspot/src/share/vm/classfile/systemDictionary.cpp, line 199]
Event: 1.265 Thread 0x00007f1b04221000 Exception <a 'java/io/FileNotFoundException'> (0x000000076e567980) thrown at [/HUDSON/workspace/8-2-build-linux-amd64/jdk8u171/10807/hotspot/src/share/vm/prims/jni.cpp, line 709]
Event: 1.268 Thread 0x00007f1b04221000 Exception <a 'java/io/FileNotFoundException'> (0x000000076e56a1e0) thrown at [/HUDSON/workspace/8-2-build-linux-amd64/jdk8u171/10807/hotspot/src/share/vm/prims/jni.cpp, line 709]
Event: 1.268 Thread 0x00007f1b04221000 Implicit null exception at 0x00007f1b7122e975 to 0x00007f1b7122ed31
Event: 2.129 Thread 0x00007f1b04221000 Exception <a 'java/lang/NoSuchMethodError': java.lang.Object.lambda$static$6(Ljava/security/Permission;)Z> (0x000000076c27f030) thrown at [/HUDSON/workspace/8-2-build-linux-amd64/jdk8u171/10807/hotspot/src/share/vm/interpreter/linkResolver.cpp, line 620]
Event: 2.129 Thread 0x00007f1b04221000 Exception <a 'java/lang/NoSuchMethodError': java.lang.Object.lambda$static$7(Ljava/security/Permission;)Z> (0x000000076c281768) thrown at [/HUDSON/workspace/8-2-build-linux-amd64/jdk8u171/10807/hotspot/src/share/vm/interpreter/linkResolver.cpp, line 620]
Event: 7.556 Thread 0x00007f1b04090800 Implicit null exception at 0x00007f1b729efe59 to 0x00007f1b729f1a0d
Event: 8.334 Thread 0x00007f1b04090800 Implicit null exception at 0x00007f1b71e6b79c to 0x00007f1b71e6be1d

Events (10 events):
Event: 9.112 loading class javax/enterprise/inject/spi/BeanManager done
Event: 9.113 loading class javax/validation/Validation
Event: 9.113 loading class javax/validation/Validation done
Event: 9.113 loading class javax/validation/Validation
Event: 9.113 loading class javax/validation/Validation done
Event: 9.113 loading class javax/validation/Validation
Event: 9.113 loading class javax/validation/Validation done
Event: 9.113 loading class javax/validation/Validation
Event: 9.113 loading class javax/validation/Validation done
Event: 9.126 Executing VM operation: ParallelGCFailedAllocation


Dynamic libraries:
00400000-00401000 r-xp 00000000 fd:00 10628203                           /data/opt/jdk1.8.0_171/bin/java
00600000-00601000 rw-p 00000000 fd:00 10628203                           /data/opt/jdk1.8.0_171/bin/java
0071b000-0073c000 rw-p 00000000 00:00 0                                  [heap]
6c0000000-6ca180000 rw-p 00000000 00:00 0 
6ca180000-76ab00000 ---p 00000000 00:00 0 
76ab00000-78b200000 rw-p 00000000 00:00 0 
79d500000-7c0000000 ---p 00000000 00:00 0 
7c0000000-7c0560000 rw-p 00000000 00:00 0 
7c0560000-800000000 ---p 00000000 00:00 0 
7f1af4000000-7f1af4021000 rw-p 00000000 00:00 0 
7f1af4021000-7f1af8000000 ---p 00000000 00:00 0 
7f1af8000000-7f1af8021000 rw-p 00000000 00:00 0 
7f1af8021000-7f1afc000000 ---p 00000000 00:00 0 
7f1afc000000-7f1afc07d000 rw-p 00000000 00:00 0 
7f1afc07d000-7f1b00000000 ---p 00000000 00:00 0 
7f1b00000000-7f1b012b9000 rw-p 00000000 00:00 0 
7f1b012b9000-7f1b04000000 ---p 00000000 00:00 0 
7f1b04000000-7f1b0423e000 rw-p 00000000 00:00 0 
7f1b0423e000-7f1b08000000 ---p 00000000 00:00 0 
7f1b08000000-7f1b08021000 rw-p 00000000 00:00 0 
7f1b08021000-7f1b0c000000 ---p 00000000 00:00 0 
7f1b0c000000-7f1b0c021000 rw-p 00000000 00:00 0 
7f1b0c021000-7f1b10000000 ---p 00000000 00:00 0 
7f1b10000000-7f1b10021000 rw-p 00000000 00:00 0 
7f1b10021000-7f1b14000000 ---p 00000000 00:00 0 
7f1b14000000-7f1b156d7000 rw-p 00000000 00:00 0 
7f1b156d7000-7f1b18000000 ---p 00000000 00:00 0 
7f1b18000000-7f1b18ff3000 rw-p 00000000 00:00 0 
7f1b18ff3000-7f1b1c000000 ---p 00000000 00:00 0 
7f1b1c000000-7f1b1cf64000 rw-p 00000000 00:00 0 
7f1b1cf64000-7f1b20000000 ---p 00000000 00:00 0 
7f1b20000000-7f1b217cf000 rw-p 00000000 00:00 0 
7f1b217cf000-7f1b24000000 ---p 00000000 00:00 0 
7f1b24000000-7f1b24021000 rw-p 00000000 00:00 0 
7f1b24021000-7f1b28000000 ---p 00000000 00:00 0 
7f1b29f83000-7f1b2a003000 rw-p 00000000 00:00 0 
7f1b2a003000-7f1b2a183000 ---p 00000000 00:00 0 
7f1b2a183000-7f1b2a383000 rw-p 00000000 00:00 0 
7f1b2a383000-7f1b2a583000 rw-p 00000000 00:00 0 
7f1b2a583000-7f1b2a783000 rw-p 00000000 00:00 0 
7f1b2a783000-7f1b2a983000 rw-p 00000000 00:00 0 
7f1b2a983000-7f1b2ab83000 rw-p 00000000 00:00 0 
7f1b2ac2e000-7f1b2ae2e000 rw-p 00000000 00:00 0 
7f1b2ae2e000-7f1b2b02e000 rw-p 00000000 00:00 0 
7f1b2b02e000-7f1b2b22e000 rw-p 00000000 00:00 0 
7f1b2b22e000-7f1b2b42e000 rw-p 00000000 00:00 0 
7f1b2b42e000-7f1b2b62e000 rw-p 00000000 00:00 0 
7f1b2b62e000-7f1b2b82e000 rw-p 00000000 00:00 0 
7f1b2b82e000-7f1b38000000 r--p 00000000 08:02 523666                     /usr/lib/locale/locale-archive
7f1b38000000-7f1b38021000 rw-p 00000000 00:00 0 
7f1b38021000-7f1b3c000000 ---p 00000000 00:00 0 
7f1b3c000000-7f1b3c021000 rw-p 00000000 00:00 0 
7f1b3c021000-7f1b40000000 ---p 00000000 00:00 0 
7f1b40000000-7f1b48000000 rw-p 00000000 00:00 0 
7f1b48000000-7f1b48022000 rw-p 00000000 00:00 0 
7f1b48022000-7f1b4c000000 ---p 00000000 00:00 0 
7f1b4c000000-7f1b4c290000 rw-p 00000000 00:00 0 
7f1b4c290000-7f1b50000000 ---p 00000000 00:00 0 
7f1b50000000-7f1b50021000 rw-p 00000000 00:00 0 
7f1b50021000-7f1b54000000 ---p 00000000 00:00 0 
7f1b540f9000-7f1b540fc000 ---p 00000000 00:00 0 
7f1b540fc000-7f1b541fa000 rw-p 00000000 00:00 0 
7f1b541fa000-7f1b541fb000 rw-s 00000000 fd:00 13776240                   /data/home/gsmet/.sdb/jdbctrace.shm
7f1b541fb000-7f1b541fc000 rw-s 00000000 fd:00 13776240                   /data/home/gsmet/.sdb/jdbctrace.shm
7f1b541fc000-7f1b54205000 r-xp 00000000 fd:00 10883889                   /data/opt/jdk1.8.0_171/jre/lib/amd64/libmanagement.so
7f1b54205000-7f1b54404000 ---p 00009000 fd:00 10883889                   /data/opt/jdk1.8.0_171/jre/lib/amd64/libmanagement.so
7f1b54404000-7f1b54405000 rw-p 00008000 fd:00 10883889                   /data/opt/jdk1.8.0_171/jre/lib/amd64/libmanagement.so
7f1b54405000-7f1b54408000 r--s 0001a000 fd:00 10883897                   /data/opt/jdk1.8.0_171/jre/lib/jce.jar
7f1b54408000-7f1b54608000 rw-p 00000000 00:00 0 
7f1b54608000-7f1b5460b000 ---p 00000000 00:00 0 
7f1b5460b000-7f1b54909000 rw-p 00000000 00:00 0 
7f1b54909000-7f1b5490c000 ---p 00000000 00:00 0 
7f1b5490c000-7f1b54c0a000 rw-p 00000000 00:00 0 
7f1b54c0a000-7f1b54e0a000 rw-p 00000000 00:00 0 
7f1b54e0a000-7f1b54e0d000 ---p 00000000 00:00 0 
7f1b54e0d000-7f1b54f0b000 rw-p 00000000 00:00 0 
7f1b54f0b000-7f1b54f0e000 ---p 00000000 00:00 0 
7f1b54f0e000-7f1b5500c000 rw-p 00000000 00:00 0 
7f1b5500c000-7f1b5500f000 ---p 00000000 00:00 0 
7f1b5500f000-7f1b5510d000 rw-p 00000000 00:00 0 
7f1b5510d000-7f1b5511e000 r-xp 00000000 fd:00 10883884                   /data/opt/jdk1.8.0_171/jre/lib/amd64/libnio.so
7f1b5511e000-7f1b5531d000 ---p 00011000 fd:00 10883884                   /data/opt/jdk1.8.0_171/jre/lib/amd64/libnio.so
7f1b5531d000-7f1b5531e000 rw-p 00010000 fd:00 10883884                   /data/opt/jdk1.8.0_171/jre/lib/amd64/libnio.so
7f1b5531e000-7f1b55324000 r--s 0002e000 fd:00 23209518                   /data/home/gsmet/.gradle/caches/modules-2/files-2.1/org.jboss.marshalling/jboss-marshalling/2.0.0.Final/6d458ffe993abaf7d8ec6b863a840968289e3670/jboss-marshalling-2.0.0.Final.jar
7f1b55324000-7f1b55326000 r--s 00014000 fd:00 25044362                   /data/home/gsmet/.gradle/caches/modules-2/files-2.1/org.jboss.marshalling/jboss-marshalling-river/2.0.0.Final/aa4c7b59a5e996bf888b12a01b32e666a0a6d131/jboss-marshalling-river-2.0.0.Final.jar
7f1b55326000-7f1b55335000 r--s 000b1000 fd:00 28706650                   /data/home/gsmet/.gradle/caches/modules-2/files-2.1/com.vividsolutions/jts-core/1.14.0/ff63492fba33a395f0da17720dd1716aba0d8c84/jts-core-1.14.0.jar
7f1b55335000-7f1b55338000 r--s 0000f000 fd:00 5244512                    /data/home/gsmet/.gradle/caches/modules-2/files-2.1/org.jboss.spec.javax.resource/jboss-connector-api_1.7_spec/1.0.0.Final/2113100f3aac47f62a948e4a00a2ddfa6497fb62/jboss-connector-api_1.7_spec-1.0.0.Final.jar
7f1b55338000-7f1b5533b000 r--s 00020000 fd:00 27921966                   /data/home/gsmet/.gradle/caches/modules-2/files-2.1/org.wildfly.common/wildfly-common/1.2.0.Final/5e74f22d4f4dc648953e09db71f705f8060d5e95/wildfly-common-1.2.0.Final.jar
7f1b5533b000-7f1b5533d000 r--s 00009000 fd:00 14288879                   /data/home/gsmet/.gradle/caches/modules-2/files-2.1/org.slf4j/slf4j-api/1.7.21/139535a69a4239db087de9bab0bee568bf8e0b70/slf4j-api-1.7.21.jar
7f1b5533d000-7f1b55340000 r--s 00019000 fd:00 14288877                   /data/home/gsmet/.gradle/caches/modules-2/files-2.1/org.mongodb/bson/2.13.0/d9698480746cd6ab071dd072de7f4a760f63e974/bson-2.13.0.jar
7f1b55340000-7f1b55344000 r--s 00024000 fd:00 18875262                   /data/home/gsmet/.gradle/caches/modules-2/files-2.1/org.codehaus.woodstox/stax2-api/3.1.4/ac19014b1e6a7c08aad07fe114af792676b685b7/stax2-api-3.1.4.jar
7f1b55344000-7f1b55346000 r--s 00004000 fd:00 18875260                   /data/home/gsmet/.gradle/caches/modules-2/files-2.1/javax.xml.stream/stax-api/1.0-2/d6337b0de8b25e53e81b922352fbea9f9f57ba0b/stax-api-1.0-2.jar
7f1b55346000-7f1b55349000 r--s 0000a000 fd:00 14681850                   /data/home/gsmet/.gradle/caches/modules-2/files-2.1/javax.cache/cache-api/1.0.0/2b57384801243f387f1a2e7ab8066ac79c2a91d3/cache-api-1.0.0.jar
7f1b55349000-7f1b5534b000 r--s 0000c000 fd:00 14821953                   /data/home/gsmet/.gradle/caches/modules-2/files-2.1/org.objenesis/objenesis/2.6/639033469776fd37c08358c6b92a4761feb2af4b/objenesis-2.6.jar
7f1b5534b000-7f1b5534d000 r--s 00009000 fd:00 21759457                   /data/home/gsmet/.gradle/caches/modules-2/files-2.1/net.bytebuddy/byte-buddy-agent/1.8.17/41b6a2166272c33d3a4a059189bf3b90f24fad3d/byte-buddy-agent-1.8.17.jar
7f1b5534d000-7f1b5535b000 r--s 000a5000 fd:00 18875030                   /data/home/gsmet/.gradle/caches/modules-2/files-2.1/org.jboss.jbossts/jbossjta/4.16.4.Final/11c929d01a67d9bece10783e125461e0ed3742ff/jbossjta-4.16.4.Final.jar
7f1b5535b000-7f1b5535d000 r--s 00015000 fd:00 18875028                   /data/home/gsmet/.gradle/caches/modules-2/files-2.1/com.experlog/xapool/1.5.0/50efa02a81bc3fb0269acd6cf7ab4123f017b520/xapool-1.5.0.jar
7f1b5535d000-7f1b55364000 r--s 000ec000 fd:00 28706652                   /data/home/gsmet/.gradle/caches/modules-2/files-2.1/org.geolatte/geolatte-geom/1.3.0/6ff59c89515aa1bade46a8dfba969ca9251d1420/geolatte-geom-1.3.0.jar
7f1b55364000-7f1b55365000 r--s 00003000 fd:00 26486515                   /data/home/gsmet/.gradle/caches/modules-2/files-2.1/org.jboss.byteman/byteman-submit/4.0.3/e911d52f9a9ceffc7e2c70a5ff989c7cf51a4c9b/byteman-submit-4.0.3.jar
7f1b55365000-7f1b55367000 r--s 00009000 fd:00 14287064                   /data/home/gsmet/.gradle/caches/modules-2/files-2.1/org.hamcrest/hamcrest-core/1.3/42a25dc3219429f0e5d060061f71acb49bf010a0/hamcrest-core-1.3.jar
7f1b55367000-7f1b5536c000 r--s 00048000 fd:00 14418153                   /data/home/gsmet/.gradle/caches/modules-2/files-2.1/dom4j/dom4j/1.6.1/5d3ccc056b6f056dbf0dddfdf43894b9065a8f94/dom4j-1.6.1.jar
7f1b5536c000-7f1b5536e000 r--s 0000c000 fd:00 15734436                   /data/home/gsmet/.gradle/caches/modules-2/files-2.1/javax.activation/javax.activation-api/1.2.0/85262acf3ca9816f9537ca47d5adeabaead7cb16/javax.activation-api-1.2.0.jar
7f1b5536e000-7f1b55370000 r--s 0000e000 fd:00 19010828                   /data/home/gsmet/.gradle/caches/modules-2/files-2.1/com.fasterxml/classmate/1.3.4/3d5f48f10bbe4eb7bd862f10c0583be2e0053c6/classmate-1.3.4.jar
7f1b55370000-7f1b55373000 r--s 0002b000 fd:00 23076379                   /data/home/gsmet/.gradle/caches/modules-2/files-2.1/org.jboss/jandex/2.0.5.Final/7060f67764565b9ee9d467e3ed0cb8a9c601b23a/jandex-2.0.5.Final.jar
7f1b55373000-7f1b55375000 r--s 00005000 fd:00 28706712                   /data/home/gsmet/.gradle/caches/modules-2/files-2.1/org.jboss.spec.javax.transaction/jboss-transaction-api_1.2_spec/1.1.1.Final/a8485cab9484dda36e9a8c319e76b5cc18797b58/jboss-transaction-api_1.2_spec-1.1.1.Final.jar
7f1b55375000-7f1b5537a000 r--s 00068000 fd:00 14287290                   /data/home/gsmet/.gradle/caches/modules-2/files-2.1/antlr/antlr/2.7.7/83cd2cd674a217ade95a4bb83a8a14f351f48bd0/antlr-2.7.7.jar
7f1b5537a000-7f1b5539f000 r--s 00178000 fd:00 14681852                   /data/home/gsmet/.gradle/caches/modules-2/files-2.1/org.ehcache/ehcache/3.0.0/8f0fd2269d0a84288279f6ab25579352d9ca73a/ehcache-3.0.0.jar
7f1b5539f000-7f1b553a8000 r--s 000ba000 fd:00 14955135                   /data/home/gsmet/.gradle/caches/modules-2/files-2.1/com.sap.cloud.db.jdbc/ngdbc/2.2.16/62841cf583be1690d75543bb810e58a0de520c18/ngdbc-2.2.16.jar
7f1b553a8000-7f1b553b0000 r--s 00126000 fd:00 14027455                   /data/home/gsmet/.gradle/caches/modules-2/files-2.1/com.ibm.informix/jdbc/4.10.7.20160517/a276c02c03f8631bc402fc016f8c5daf6b77671d/jdbc-4.10.7.20160517.jar
7f1b553b0000-7f1b553bb000 r--s 000d3000 fd:00 29363506                   /data/home/gsmet/.gradle/caches/modules-2/files-2.1/com.microsoft.sqlserver/mssql-jdbc/6.4.0.jre8/d35eaaa34e061d362977d88821bf08c0797af612/mssql-jdbc-6.4.0.jre8.jar
7f1b553bb000-7f1b553c3000 r--s 00083000 fd:00 20326184                   /data/home/gsmet/.gradle/caches/modules-2/files-2.1/org.mariadb.jdbc/mariadb-java-client/2.2.3/3a91df529fa4367b2693ed001b53e4899a4258b4/mariadb-java-client-2.2.3.jar
7f1b553c3000-7f1b553cd000 r--s 000ec000 fd:00 18881612                   /data/home/gsmet/.gradle/caches/modules-2/files-2.1/mysql/mysql-connector-java/5.1.46/9a3e63b387e376364211e96827bc27db8d7a92e9/mysql-connector-java-5.1.46.jar
7f1b553cd000-7f1b553d7000 r--s 000b7000 fd:00 19800838                   /data/home/gsmet/.gradle/caches/modules-2/files-2.1/org.postgresql/postgresql/42.2.2/7ebd60d15eec1f9e796d68212121d92e3dd566b2/postgresql-42.2.2.jar
7f1b553d7000-7f1b553e5000 r--s 0015a000 fd:00 18875002                   /data/home/gsmet/.gradle/caches/modules-2/files-2.1/org.hsqldb/hsqldb/2.3.2/970fd7b8f635e2c19305160459649569655b843c/hsqldb-2.3.2.jar
7f1b553e5000-7f1b553f4000 r--s 001ae000 fd:00 19008986                   /data/home/gsmet/.gradle/caches/modules-2/files-2.1/com.h2database/h2/1.4.196/dd0034398d593aa3588c6773faac429bbd9aea0e/h2-1.4.196.jar
7f1b553f4000-7f1b553fa000 r--s 00071000 fd:00 18875246                   /data/home/gsmet/.gradle/caches/modules-2/files-2.1/org.codehaus.woodstox/woodstox-core-asl/4.3.0/4e5b4dace086019d0ca4a9b4786ea1d8a51bb01c/woodstox-core-asl-4.3.0.jar
7f1b553fa000-7f1b5543a000 r--s 0029d000 fd:00 21627281                   /data/home/gsmet/.gradle/caches/modules-2/files-2.1/net.bytebuddy/byte-buddy/1.8.17/9a36bc0f6eb9f941da0526ad89c4fb4b8ab580f0/byte-buddy-1.8.17.jar
7f1b5543a000-7f1b55445000 r--s 000b2000 fd:00 29366424                   /data/home/gsmet/.gradle/caches/modules-2/files-2.1/org.javassist/javassist/3.23.1-GA/c072c13dcb7f705471c40bafb1536171df850ab2/javassist-3.23.1-GA.jar
7f1b55445000-7f1b5544e000 r--s 0006f000 fd:00 16517997                   /data/home/gsmet/.gradle/caches/modules-2/files-2.1/log4j/log4j/1.2.17/5af35056b4d257e4b64b9e8069c0746e8b08629f/log4j-1.2.17.jar
7f1b5544e000-7f1b5545e000 r--s 00078000 fd:00 19142398                   /data/home/gsmet/.gradle/caches/modules-2/files-2.1/org.mockito/mockito-core/2.19.1/c54c55cae0f4742ad6bf8a1987ada35363f2c4e2/mockito-core-2.19.1.jar
7f1b5545e000-7f1b5545f000 r--s 00000000 fd:00 2892763                    /data/home/gsmet/.gradle/caches/modules-2/files-2.1/org.mockito/mockito-inline/2.19.1/dfec68b5a34ff91ad9491cb04180da7d93aa4238/mockito-inline-2.19.1.jar
7f1b5545f000-7f1b55466000 r--s 0004f000 fd:00 19267826                   /data/home/gsmet/.gradle/caches/modules-2/files-2.1/org.osgi/org.osgi.core/4.3.1/5458ffe2ba049e76c29f2df2dc3ffccddf8b839e/org.osgi.core-4.3.1.jar
7f1b55466000-7f1b5546d000 r--s 00064000 fd:00 14812473                   /data/home/gsmet/.gradle/caches/modules-2/files-2.1/org.apache.commons/commons-lang3/3.4/5fe28b9518e58819180a43a850fbc0dd24b7c050/commons-lang3-3.4.jar
7f1b5546d000-7f1b5546e000 r--s 00002000 fd:00 26748699                   /data/home/gsmet/.gradle/caches/modules-2/files-2.1/org.jboss.byteman/byteman-install/4.0.3/e818e511497127cbb3cd619d5e026e07a84df663/byteman-install-4.0.3.jar
7f1b5546e000-7f1b55478000 r--s 000bc000 fd:00 26879343                   /data/home/gsmet/.gradle/caches/modules-2/files-2.1/org.jboss.byteman/byteman/4.0.3/525275b5efdcf5322a50ce26e6597971053d1e50/byteman-4.0.3.jar
7f1b55478000-7f1b5547a000 r--s 00008000 fd:00 26618178                   /data/home/gsmet/.gradle/caches/modules-2/files-2.1/org.jboss.byteman/byteman-bmunit/4.0.3/dc7e8294764ba449a0147a928a4f73b8cd210bc9/byteman-bmunit-4.0.3.jar
7f1b5547a000-7f1b55482000 r--s 00045000 fd:00 14287060                   /data/home/gsmet/.gradle/caches/modules-2/files-2.1/junit/junit/4.12/2973d150c0dc1fefe998f834810d68f278ea58ec/junit-4.12.jar
7f1b55482000-7f1b55488000 r--s 00023000 fd:00 14555967                   /data/home/gsmet/.gradle/caches/modules-2/files-2.1/javax.persistence/javax.persistence-api/2.2/25665ac8c0b62f50e6488173233239120fc52c96/javax.persistence-api-2.2.jar
7f1b55488000-7f1b5548a000 r--s 0000f000 fd:00 28706446                   /data/home/gsmet/.gradle/caches/modules-2/files-2.1/org.jboss.logging/jboss-logging/3.3.2.Final/3789d00e859632e6c6206adc0c71625559e6e3b0/jboss-logging-3.3.2.Final.jar
7f1b5548a000-7f1b5548c000 r--s 0000a000 fd:00 5243677                    /data/home/gsmet/.gradle/caches/modules-2/files-2.1/org.wildfly.client/wildfly-client-config/1.0.0.Final/b2a9bcecdeb8c00f383e023e16ab2d2aeb437df9/wildfly-client-config-1.0.0.Final.jar
7f1b5548c000-7f1b55496000 r--s 00083000 fd:00 25044360                   /data/home/gsmet/.gradle/caches/modules-2/files-2.1/org.jboss.xnio/xnio-api/3.5.1.Final/ff2abed9a586f7473fe93e5800cbe14b6589f061/xnio-api-3.5.1.Final.jar
7f1b55496000-7f1b554b5000 r--s 001c6000 fd:00 25044364                   /data/home/gsmet/.gradle/caches/modules-2/files-2.1/org.wildfly.security/wildfly-elytron/1.1.0.Final/4d23cc97054b7e09852f27ab58af76d56f354750/wildfly-elytron-1.1.0.Final.jar
7f1b554b5000-7f1b554bb000 r--s 00047000 fd:00 25044358                   /data/home/gsmet/.gradle/caches/modules-2/files-2.1/org.jboss.remoting/jboss-remoting/5.0.0.Final/ccdf46cbd70b2288366b0811b55d1ed4b9995b19/jboss-remoting-5.0.0.Final.jar
7f1b554bb000-7f1b554be000 r--s 0001d000 fd:00 5506813                    /data/home/gsmet/.gradle/caches/modules-2/files-2.1/org.wildfly/wildfly-naming-client/1.0.4.Final/af78c07f84aa0f8af1376b299bc1843eec23d5f1/wildfly-naming-client-1.0.4.Final.jar
7f1b554be000-7f1b554c1000 r--s 00010000 fd:00 23076377                   /data/home/gsmet/.gradle/caches/modules-2/files-2.1/org.hibernate.common/hibernate-commons-annotations/5.0.4.Final/965a18fdf939ee75e41f7918532d37b3a8350535/hibernate-commons-annotations-5.0.4.Final.jar
7f1b554c1000-7f1b554c4000 r--s 00027000 fd:00 5506810                    /data/home/gsmet/.gradle/caches/modules-2/files-2.1/org.wildfly.transaction/wildfly-transaction-client/1.0.3.Final/eb2b190c25f5a1e43246401926d5002636af4cb5/wildfly-transaction-client-1.0.3.Final.jar
7f1b554c4000-7f1b555c5000 r--s 0083d000 fd:00 21761220                   /data/home/gsmet/git/hibernate-orm/hibernate-core/target/libs/hibernate-core-5.4.0-SNAPSHOT-test.jar
7f1b555c5000-7f1b55647000 r--s 00625000 fd:00 21758906                   /data/home/gsmet/git/hibernate-orm/hibernate-core/target/libs/hibernate-core-5.4.0-SNAPSHOT.jar
7f1b55647000-7f1b55649000 r--s 00002000 fd:00 25698863                   /data/home/gsmet/git/hibernate-orm/hibernate-jcache/target/libs/hibernate-jcache-5.4.0-SNAPSHOT.jar
7f1b55649000-7f1b5564f000 r--s 00029000 fd:00 21759767                   /data/home/gsmet/git/hibernate-orm/hibernate-testing/target/libs/hibernate-testing-5.4.0-SNAPSHOT.jar
7f1b5564f000-7f1b55653000 r--s 00022000 fd:00 27267142                   /data/home/gsmet/git/hibernate-orm/hibernate-spatial/target/libs/hibernate-spatial-5.4.0-SNAPSHOT.jar
7f1b55653000-7f1b5565e000 r--s 0006c000 fd:00 24916333                   /data/home/gsmet/git/hibernate-orm/hibernate-envers/target/libs/hibernate-envers-5.4.0-SNAPSHOT.jar
7f1b5565e000-7f1b556d7000 r--s 010f9000 fd:00 10628310                   /data/opt/jdk1.8.0_171/lib/tools.jar
7f1b556d7000-7f1b556dc000 r--s 0009d000 fd:00 10883722                   /data/opt/jdk1.8.0_171/jre/lib/jsse.jar
7f1b556dc000-7f1b556f2000 r-xp 00000000 fd:00 10883881                   /data/opt/jdk1.8.0_171/jre/lib/amd64/libnet.so
7f1b556f2000-7f1b558f2000 ---p 00016000 fd:00 10883881                   /data/opt/jdk1.8.0_171/jre/lib/amd64/libnet.so
7f1b558f2000-7f1b558f3000 rw-p 00016000 fd:00 10883881                   /data/opt/jdk1.8.0_171/jre/lib/amd64/libnet.so
7f1b558f3000-7f1b558fb000 r--s 00045000 fd:00 16787110                   /data/home/gsmet/.gradle/wrapper/dists/gradle-4.10-all/54ye4nru8k2rpf7xwj15he4fo/gradle-4.10/lib/plugins/junit-4.12.jar
7f1b558fb000-7f1b55900000 r--s 00041000 fd:00 16661128                   /data/home/gsmet/.gradle/wrapper/dists/gradle-4.10-all/54ye4nru8k2rpf7xwj15he4fo/gradle-4.10/lib/commons-lang-2.6.jar
7f1b55900000-7f1b55904000 r--s 00026000 fd:00 16661124                   /data/home/gsmet/.gradle/wrapper/dists/gradle-4.10-all/54ye4nru8k2rpf7xwj15he4fo/gradle-4.10/lib/kryo-2.20.jar
7f1b55904000-7f1b55908000 r--s 00012000 fd:00 16661164                   /data/home/gsmet/.gradle/wrapper/dists/gradle-4.10-all/54ye4nru8k2rpf7xwj15he4fo/gradle-4.10/lib/native-platform-0.14.jar
7f1b55908000-7f1b5590a000 r--s 00000000 fd:00 16661130                   /data/home/gsmet/.gradle/wrapper/dists/gradle-4.10-all/54ye4nru8k2rpf7xwj15he4fo/gradle-4.10/lib/jul-to-slf4j-1.7.16.jar
7f1b5590a000-7f1b5590b000 r--s 00009000 fd:00 16661132                   /data/home/gsmet/.gradle/wrapper/dists/gradle-4.10-all/54ye4nru8k2rpf7xwj15he4fo/gradle-4.10/lib/slf4j-api-1.7.16.jar
7f1b5590b000-7f1b5590d000 r--s 00006000 fd:00 16661110                   /data/home/gsmet/.gradle/wrapper/dists/gradle-4.10-all/54ye4nru8k2rpf7xwj15he4fo/gradle-4.10/lib/gradle-process-services-4.10.jar
7f1b5590d000-7f1b5590f000 r--s 0000e000 fd:00 16787223                   /data/home/gsmet/.gradle/wrapper/dists/gradle-4.10-all/54ye4nru8k2rpf7xwj15he4fo/gradle-4.10/lib/plugins/junit-platform-commons-1.0.3.jar
7f1b5590f000-7f1b55911000 r--s 0000c000 fd:00 16787112                   /data/home/gsmet/.gradle/wrapper/dists/gradle-4.10-all/54ye4nru8k2rpf7xwj15he4fo/gradle-4.10/lib/plugins/junit-platform-launcher-1.0.3.jar
7f1b55911000-7f1b55914000 r--s 00013000 fd:00 16787222                   /data/home/gsmet/.gradle/wrapper/dists/gradle-4.10-all/54ye4nru8k2rpf7xwj15he4fo/gradle-4.10/lib/plugins/junit-platform-engine-1.0.3.jar
7f1b55914000-7f1b55915000 r--s 00003000 fd:00 16786998                   /data/home/gsmet/.gradle/wrapper/dists/gradle-4.10-all/54ye4nru8k2rpf7xwj15he4fo/gradle-4.10/lib/plugins/gradle-testing-junit-platform-4.10.jar
7f1b55915000-7f1b5591d000 r--s 00034000 fd:00 16787009                   /data/home/gsmet/.gradle/wrapper/dists/gradle-4.10-all/54ye4nru8k2rpf7xwj15he4fo/gradle-4.10/lib/plugins/gradle-testing-base-4.10.jar
7f1b5591d000-7f1b55963000 r--s 00265000 fd:00 16661104                   /data/home/gsmet/.gradle/wrapper/dists/gradle-4.10-all/54ye4nru8k2rpf7xwj15he4fo/gradle-4.10/lib/gradle-core-4.10.jar
7f1b55963000-7f1b55964000 ---p 00000000 00:00 0 
7f1b55964000-7f1b55a64000 rw-p 00000000 00:00 0 
7f1b55a64000-7f1b55a67000 ---p 00000000 00:00 0 
7f1b55a67000-7f1b55b65000 rw-p 00000000 00:00 0 
7f1b55b65000-7f1b55b66000 ---p 00000000 00:00 0 
7f1b55b66000-7f1b55b69000 ---p 00000000 00:00 0 
7f1b55b69000-7f1b55c66000 rw-p 00000000 00:00 0 
7f1b55c66000-7f1b55c67000 ---p 00000000 00:00 0 
7f1b55c67000-7f1b55c6a000 ---p 00000000 00:00 0 
7f1b55c6a000-7f1b55d67000 rw-p 00000000 00:00 0 
7f1b55d67000-7f1b55d68000 ---p 00000000 00:00 0 
7f1b55d68000-7f1b55d6b000 ---p 00000000 00:00 0 
7f1b55d6b000-7f1b55e68000 rw-p 00000000 00:00 0 
7f1b55e68000-7f1b55e69000 ---p 00000000 00:00 0 
7f1b55e69000-7f1b55e6c000 ---p 00000000 00:00 0 
7f1b55e6c000-7f1b55f69000 rw-p 00000000 00:00 0 
7f1b55f69000-7f1b55f6c000 ---p 00000000 00:00 0 
7f1b55f6c000-7f1b5606a000 rw-p 00000000 00:00 0 
7f1b5606a000-7f1b5606d000 ---p 00000000 00:00 0 
7f1b5606d000-7f1b5616b000 rw-p 00000000 00:00 0 
7f1b5616b000-7f1b5616e000 ---p 00000000 00:00 0 
7f1b5616e000-7f1b5626c000 rw-p 00000000 00:00 0 
7f1b5626c000-7f1b5626d000 ---p 00000000 00:00 0 
7f1b5626d000-7f1b58000000 rw-p 00000000 00:00 0 
7f1b58000000-7f1b58021000 rw-p 00000000 00:00 0 
7f1b58021000-7f1b5c000000 ---p 00000000 00:00 0 
7f1b5c000000-7f1b5c021000 rw-p 00000000 00:00 0 
7f1b5c021000-7f1b60000000 ---p 00000000 00:00 0 
7f1b60000000-7f1b60021000 rw-p 00000000 00:00 0 
7f1b60021000-7f1b64000000 ---p 00000000 00:00 0 
7f1b64000000-7f1b64021000 rw-p 00000000 00:00 0 
7f1b64021000-7f1b68000000 ---p 00000000 00:00 0 
7f1b68000000-7f1b68021000 rw-p 00000000 00:00 0 
7f1b68021000-7f1b6c000000 ---p 00000000 00:00 0 
7f1b6c000000-7f1b6c021000 rw-p 00000000 00:00 0 
7f1b6c021000-7f1b70000000 ---p 00000000 00:00 0 
7f1b70000000-7f1b71000000 rw-p 00000000 00:00 0 
7f1b71000000-7f1b72df0000 rwxp 00000000 00:00 0 
7f1b72df0000-7f1b80000000 ---p 00000000 00:00 0 
7f1b80000000-7f1b807b4000 rw-p 00000000 00:00 0 
7f1b807b4000-7f1b84000000 ---p 00000000 00:00 0 
7f1b84000000-7f1b84004000 r--s 0001c000 fd:00 16786999                   /data/home/gsmet/.gradle/wrapper/dists/gradle-4.10-all/54ye4nru8k2rpf7xwj15he4fo/gradle-4.10/lib/plugins/gradle-testing-jvm-4.10.jar
7f1b84004000-7f1b84008000 r--s 0000c000 fd:00 16661112                   /data/home/gsmet/.gradle/wrapper/dists/gradle-4.10-all/54ye4nru8k2rpf7xwj15he4fo/gradle-4.10/lib/gradle-native-4.10.jar
7f1b84008000-7f1b84009000 r--s 00006000 fd:00 16661119                   /data/home/gsmet/.gradle/wrapper/dists/gradle-4.10-all/54ye4nru8k2rpf7xwj15he4fo/gradle-4.10/lib/gradle-cli-4.10.jar
7f1b84009000-7f1b84015000 r--s 00064000 fd:00 16661117                   /data/home/gsmet/.gradle/wrapper/dists/gradle-4.10-all/54ye4nru8k2rpf7xwj15he4fo/gradle-4.10/lib/gradle-base-services-4.10.jar
7f1b84015000-7f1b841ef000 r--s 03d68000 fd:00 10883665                   /data/opt/jdk1.8.0_171/jre/lib/rt.jar
7f1b841ef000-7f1b84265000 rw-p 00000000 00:00 0 
7f1b84265000-7f1b84266000 ---p 00000000 00:00 0 
7f1b84266000-7f1b84366000 rw-p 00000000 00:00 0 
7f1b84366000-7f1b84367000 ---p 00000000 00:00 0 
7f1b84367000-7f1b84467000 rw-p 00000000 00:00 0 
7f1b84467000-7f1b84468000 ---p 00000000 00:00 0 
7f1b84468000-7f1b84568000 rw-p 00000000 00:00 0 
7f1b84568000-7f1b84569000 ---p 00000000 00:00 0 
7f1b84569000-7f1b84669000 rw-p 00000000 00:00 0 
7f1b84669000-7f1b8466a000 ---p 00000000 00:00 0 
7f1b8466a000-7f1b8476a000 rw-p 00000000 00:00 0 
7f1b8476a000-7f1b8476b000 ---p 00000000 00:00 0 
7f1b8476b000-7f1b8486b000 rw-p 00000000 00:00 0 
7f1b8486b000-7f1b8486c000 ---p 00000000 00:00 0 
7f1b8486c000-7f1b8496c000 rw-p 00000000 00:00 0 
7f1b8496c000-7f1b8496d000 ---p 00000000 00:00 0 
7f1b8496d000-7f1b84abe000 rw-p 00000000 00:00 0 
7f1b84abe000-7f1b84fc3000 ---p 00000000 00:00 0 
7f1b84fc3000-7f1b85014000 rw-p 00000000 00:00 0 
7f1b85014000-7f1b85518000 ---p 00000000 00:00 0 
7f1b85518000-7f1b8561c000 rw-p 00000000 00:00 0 
7f1b8561c000-7f1b857c3000 ---p 00000000 00:00 0 
7f1b857c3000-7f1b8583c000 rw-p 00000000 00:00 0 
7f1b8583c000-7f1b85b84000 ---p 00000000 00:00 0 
7f1b85b84000-7f1b85b9f000 r-xp 00000000 fd:00 10883877                   /data/opt/jdk1.8.0_171/jre/lib/amd64/libzip.so
7f1b85b9f000-7f1b85d9f000 ---p 0001b000 fd:00 10883877                   /data/opt/jdk1.8.0_171/jre/lib/amd64/libzip.so
7f1b85d9f000-7f1b85da0000 rw-p 0001b000 fd:00 10883877                   /data/opt/jdk1.8.0_171/jre/lib/amd64/libzip.so
7f1b85da0000-7f1b85dab000 r-xp 00000000 08:02 266880                     /usr/lib64/libnss_files-2.27.so
7f1b85dab000-7f1b85faa000 ---p 0000b000 08:02 266880                     /usr/lib64/libnss_files-2.27.so
7f1b85faa000-7f1b85fab000 r--p 0000a000 08:02 266880                     /usr/lib64/libnss_files-2.27.so
7f1b85fab000-7f1b85fac000 rw-p 0000b000 08:02 266880                     /usr/lib64/libnss_files-2.27.so
7f1b85fac000-7f1b85fb2000 rw-p 00000000 00:00 0 
7f1b85fb2000-7f1b85fdd000 r-xp 00000000 fd:00 10883871                   /data/opt/jdk1.8.0_171/jre/lib/amd64/libjava.so
7f1b85fdd000-7f1b861dc000 ---p 0002b000 fd:00 10883871                   /data/opt/jdk1.8.0_171/jre/lib/amd64/libjava.so
7f1b861dc000-7f1b861de000 rw-p 0002a000 fd:00 10883871                   /data/opt/jdk1.8.0_171/jre/lib/amd64/libjava.so
7f1b861de000-7f1b861eb000 r-xp 00000000 fd:00 10883876                   /data/opt/jdk1.8.0_171/jre/lib/amd64/libverify.so
7f1b861eb000-7f1b863eb000 ---p 0000d000 fd:00 10883876                   /data/opt/jdk1.8.0_171/jre/lib/amd64/libverify.so
7f1b863eb000-7f1b863ed000 rw-p 0000d000 fd:00 10883876                   /data/opt/jdk1.8.0_171/jre/lib/amd64/libverify.so
7f1b863ed000-7f1b863f4000 r-xp 00000000 08:02 267079                     /usr/lib64/librt-2.27.so
7f1b863f4000-7f1b865f3000 ---p 00007000 08:02 267079                     /usr/lib64/librt-2.27.so
7f1b865f3000-7f1b865f4000 r--p 00006000 08:02 267079                     /usr/lib64/librt-2.27.so
7f1b865f4000-7f1b865f5000 rw-p 00007000 08:02 267079                     /usr/lib64/librt-2.27.so
7f1b865f5000-7f1b86787000 r-xp 00000000 08:02 266401                     /usr/lib64/libm-2.27.so
7f1b86787000-7f1b86987000 ---p 00192000 08:02 266401                     /usr/lib64/libm-2.27.so
7f1b86987000-7f1b86988000 r--p 00192000 08:02 266401                     /usr/lib64/libm-2.27.so
7f1b86988000-7f1b86989000 rw-p 00193000 08:02 266401                     /usr/lib64/libm-2.27.so
7f1b86989000-7f1b87662000 r-xp 00000000 fd:00 10883853                   /data/opt/jdk1.8.0_171/jre/lib/amd64/server/libjvm.so
7f1b87662000-7f1b87861000 ---p 00cd9000 fd:00 10883853                   /data/opt/jdk1.8.0_171/jre/lib/amd64/server/libjvm.so
7f1b87861000-7f1b8793b000 rw-p 00cd8000 fd:00 10883853                   /data/opt/jdk1.8.0_171/jre/lib/amd64/server/libjvm.so
7f1b8793b000-7f1b87986000 rw-p 00000000 00:00 0 
7f1b87986000-7f1b87b3b000 r-xp 00000000 08:02 263846                     /usr/lib64/libc-2.27.so
7f1b87b3b000-7f1b87d3b000 ---p 001b5000 08:02 263846                     /usr/lib64/libc-2.27.so
7f1b87d3b000-7f1b87d3f000 r--p 001b5000 08:02 263846                     /usr/lib64/libc-2.27.so
7f1b87d3f000-7f1b87d41000 rw-p 001b9000 08:02 263846                     /usr/lib64/libc-2.27.so
7f1b87d41000-7f1b87d45000 rw-p 00000000 00:00 0 
7f1b87d45000-7f1b87d48000 r-xp 00000000 08:02 266257                     /usr/lib64/libdl-2.27.so
7f1b87d48000-7f1b87f47000 ---p 00003000 08:02 266257                     /usr/lib64/libdl-2.27.so
7f1b87f47000-7f1b87f48000 r--p 00002000 08:02 266257                     /usr/lib64/libdl-2.27.so
7f1b87f48000-7f1b87f49000 rw-p 00003000 08:02 266257                     /usr/lib64/libdl-2.27.so
7f1b87f49000-7f1b87f5f000 r-xp 00000000 fd:00 10766244                   /data/opt/jdk1.8.0_171/lib/amd64/jli/libjli.so
7f1b87f5f000-7f1b8815e000 ---p 00016000 fd:00 10766244                   /data/opt/jdk1.8.0_171/lib/amd64/jli/libjli.so
7f1b8815e000-7f1b8815f000 rw-p 00015000 fd:00 10766244                   /data/opt/jdk1.8.0_171/lib/amd64/jli/libjli.so
7f1b8815f000-7f1b88178000 r-xp 00000000 08:02 266987                     /usr/lib64/libpthread-2.27.so
7f1b88178000-7f1b88378000 ---p 00019000 08:02 266987                     /usr/lib64/libpthread-2.27.so
7f1b88378000-7f1b88379000 r--p 00019000 08:02 266987                     /usr/lib64/libpthread-2.27.so
7f1b88379000-7f1b8837a000 rw-p 0001a000 08:02 266987                     /usr/lib64/libpthread-2.27.so
7f1b8837a000-7f1b8837e000 rw-p 00000000 00:00 0 
7f1b8837e000-7f1b883a5000 r-xp 00000000 08:02 265785                     /usr/lib64/ld-2.27.so
7f1b883a5000-7f1b88478000 rw-p 00000000 00:00 0 
7f1b88478000-7f1b88479000 ---p 00000000 00:00 0 
7f1b88479000-7f1b8847c000 ---p 00000000 00:00 0 
7f1b8847c000-7f1b8857d000 rw-p 00000000 00:00 0 
7f1b8857d000-7f1b88584000 r--s 0002d000 fd:00 16661116                   /data/home/gsmet/.gradle/wrapper/dists/gradle-4.10-all/54ye4nru8k2rpf7xwj15he4fo/gradle-4.10/lib/gradle-messaging-4.10.jar
7f1b88584000-7f1b8858c000 r--s 00035000 fd:00 16661109                   /data/home/gsmet/.gradle/wrapper/dists/gradle-4.10-all/54ye4nru8k2rpf7xwj15he4fo/gradle-4.10/lib/gradle-logging-4.10.jar
7f1b8858c000-7f1b88599000 r--s 00037000 fd:00 16661106                   /data/home/gsmet/.gradle/wrapper/dists/gradle-4.10-all/54ye4nru8k2rpf7xwj15he4fo/gradle-4.10/lib/gradle-core-api-4.10.jar
7f1b88599000-7f1b8859a000 r--s 0000a000 fd:00 13896470                   /data/home/gsmet/.gradle/caches/4.10/workerMain/gradle-worker.jar
7f1b8859a000-7f1b885a2000 rw-s 00000000 00:2c 46626700                   /tmp/hsperfdata_gsmet/21624
7f1b885a2000-7f1b885a3000 rw-p 00000000 00:00 0 
7f1b885a3000-7f1b885a4000 ---p 00000000 00:00 0 
7f1b885a4000-7f1b885a5000 r--p 00026000 08:02 265785                     /usr/lib64/ld-2.27.so
7f1b885a5000-7f1b885a6000 rw-p 00027000 08:02 265785                     /usr/lib64/ld-2.27.so
7f1b885a6000-7f1b885a7000 rw-p 00000000 00:00 0 
7fffbf58d000-7fffbf5af000 rw-p 00000000 00:00 0                          [stack]
7fffbf5dd000-7fffbf5e0000 r--p 00000000 00:00 0                          [vvar]
7fffbf5e0000-7fffbf5e2000 r-xp 00000000 00:00 0                          [vdso]
ffffffffff600000-ffffffffff601000 r-xp 00000000 00:00 0                  [vsyscall]

VM Arguments:
jvm_args: -Dhibernate.test.validatefailureexpected=true -Djava.security.manager=worker.org.gradle.process.internal.worker.child.BootstrapSecurityManager -Dorg.gradle.native=false -XX:+HeapDumpOnOutOfMemoryError -XX:HeapDumpPath=/data/home/gsmet/git/hibernate-orm/documentation/target/OOM-dump.hprof -XX:MetaspaceSize=512M -Xmx4G -Dfile.encoding=UTF-8 -Duser.country=US -Duser.language=en -Duser.variant -ea 
java_command: worker.org.gradle.process.internal.worker.GradleWorkerMain 'Gradle Test Executor 3'
java_class_path (initial): /data/home/gsmet/.gradle/caches/4.10/workerMain/gradle-worker.jar
Launcher Type: SUN_STANDARD

Environment Variables:
JAVA_HOME=/opt/jdk/
PATH=/opt/apache-maven/bin:/opt/jdk/bin:/usr/lib64/qt-3.3/bin:/usr/share/Modules/bin:/data/home/gsmet/.rvm/gems/ruby-2.2.7/bin:/data/home/gsmet/.rvm/gems/ruby-2.2.7@global/bin:/data/home/gsmet/.rvm/rubies/ruby-2.2.7/bin:/opt/apache-maven/bin:/opt/jdk/bin:/usr/local/bin:/usr/local/sbin:/usr/bin:/usr/sbin:/data/home/gsmet/git/git-tools:/data/home/gsmet/.rvm/bin:/data/home/gsmet/.rvm/bin:/data/home/gsmet/.rvm/bin:/data/home/gsmet/.rvm/bin:/data/home/gsmet/.local/bin:/data/home/gsmet/bin:/data/home/gsmet/.rvm/bin:/data/home/gsmet/.rvm/bin
USERNAME=gsmet
SHELL=/bin/bash
DISPLAY=:0

Signal Handlers:
SIGSEGV: [libjvm.so+0xad0890], sa_mask[0]=11111111011111111101111111111110, sa_flags=SA_RESTART|SA_SIGINFO
SIGBUS: [libjvm.so+0xad0890], sa_mask[0]=11111111011111111101111111111110, sa_flags=SA_RESTART|SA_SIGINFO
SIGFPE: [libjvm.so+0x928640], sa_mask[0]=11111111011111111101111111111110, sa_flags=SA_RESTART|SA_SIGINFO
SIGPIPE: [libjvm.so+0x928640], sa_mask[0]=11111111011111111101111111111110, sa_flags=SA_RESTART|SA_SIGINFO
SIGXFSZ: [libjvm.so+0x928640], sa_mask[0]=11111111011111111101111111111110, sa_flags=SA_RESTART|SA_SIGINFO
SIGILL: [libjvm.so+0x928640], sa_mask[0]=11111111011111111101111111111110, sa_flags=SA_RESTART|SA_SIGINFO
SIGUSR1: SIG_DFL, sa_mask[0]=00000000000000000000000000000000, sa_flags=none
SIGUSR2: [libjvm.so+0x929ea0], sa_mask[0]=00100000000000000000000000000000, sa_flags=SA_RESTART|SA_SIGINFO
SIGHUP: [libjvm.so+0x92b2a0], sa_mask[0]=11111111011111111101111111111110, sa_flags=SA_RESTART|SA_SIGINFO
SIGINT: [libjvm.so+0x92b2a0], sa_mask[0]=11111111011111111101111111111110, sa_flags=SA_RESTART|SA_SIGINFO
SIGTERM: [libjvm.so+0x92b2a0], sa_mask[0]=11111111011111111101111111111110, sa_flags=SA_RESTART|SA_SIGINFO
SIGQUIT: [libjvm.so+0x92b2a0], sa_mask[0]=11111111011111111101111111111110, sa_flags=SA_RESTART|SA_SIGINFO


---------------  S Y S T E M  ---------------

OS:Fedora release 28 (Twenty Eight)

uname:Linux 4.17.3-200.fc28.x86_64 #1 SMP Tue Jun 26 14:17:07 UTC 2018 x86_64
libc:glibc 2.27 NPTL 2.27 
rlimit: STACK 8192k, CORE infinity, NPROC 61793, NOFILE 20000, AS infinity
load average:3.28 1.72 1.36

/proc/meminfo:
MemTotal:       15846676 kB
MemFree:          147840 kB
MemAvailable:     189824 kB
Buffers:             592 kB
Cached:           534228 kB
SwapCached:        10312 kB
Active:         12914104 kB
Inactive:        1599092 kB
Active(anon):   12904296 kB
Inactive(anon):  1586532 kB
Active(file):       9808 kB
Inactive(file):    12560 kB
Unevictable:         160 kB
Mlocked:             160 kB
SwapTotal:       8191996 kB
SwapFree:              0 kB
Dirty:                 0 kB
Writeback:            16 kB
AnonPages:      13972384 kB
Mapped:           436952 kB
Shmem:            511688 kB
Slab:             768452 kB
SReclaimable:     282140 kB
SUnreclaim:       486312 kB
KernelStack:       42400 kB
PageTables:       193012 kB
NFS_Unstable:          0 kB
Bounce:                0 kB
WritebackTmp:          0 kB
CommitLimit:    16115332 kB
Committed_AS:   40202116 kB
VmallocTotal:   34359738367 kB
VmallocUsed:           0 kB
VmallocChunk:          0 kB
HardwareCorrupted:     0 kB
AnonHugePages:         0 kB
ShmemHugePages:        0 kB
ShmemPmdMapped:        0 kB
CmaTotal:              0 kB
CmaFree:               0 kB
HugePages_Total:       0
HugePages_Free:        0
HugePages_Rsvd:        0
HugePages_Surp:        0
Hugepagesize:       2048 kB
Hugetlb:               0 kB
DirectMap4k:     3651888 kB
DirectMap2M:    12541952 kB
DirectMap1G:     1048576 kB


CPU:total 8 (initial active 8) (4 cores per cpu, 2 threads per core) family 6 model 94 stepping 3, cmov, cx8, fxsr, mmx, sse, sse2, sse3, ssse3, sse4.1, sse4.2, popcnt, avx, avx2, aes, clmul, erms, rtm, 3dnowpref, lzcnt, ht, tsc, tscinvbit, bmi1, bmi2, adx

/proc/cpuinfo:
processor	: 0
vendor_id	: GenuineIntel
cpu family	: 6
model		: 94
model name	: Intel(R) Core(TM) i7-6820HQ CPU @ 2.70GHz
stepping	: 3
microcode	: 0xc2
cpu MHz		: 2959.329
cache size	: 8192 KB
physical id	: 0
siblings	: 8
core id		: 0
cpu cores	: 4
apicid		: 0
initial apicid	: 0
fpu		: yes
fpu_exception	: yes
cpuid level	: 22
wp		: yes
flags		: fpu vme de pse tsc msr pae mce cx8 apic sep mtrr pge mca cmov pat pse36 clflush dts acpi mmx fxsr sse sse2 ss ht tm pbe syscall nx pdpe1gb rdtscp lm constant_tsc art arch_perfmon pebs bts rep_good nopl xtopology nonstop_tsc cpuid aperfmperf tsc_known_freq pni pclmulqdq dtes64 monitor ds_cpl vmx smx est tm2 ssse3 sdbg fma cx16 xtpr pdcm pcid sse4_1 sse4_2 x2apic movbe popcnt tsc_deadline_timer aes xsave avx f16c rdrand lahf_lm abm 3dnowprefetch cpuid_fault epb invpcid_single pti ibrs ibpb stibp tpr_shadow vnmi flexpriority ept vpid fsgsbase tsc_adjust bmi1 hle avx2 smep bmi2 erms invpcid rtm mpx rdseed adx smap clflushopt intel_pt xsaveopt xsavec xgetbv1 xsaves dtherm ida arat pln pts hwp hwp_notify hwp_act_window hwp_epp
bugs		: cpu_meltdown spectre_v1 spectre_v2 spec_store_bypass
bogomips	: 5424.00
clflush size	: 64
cache_alignment	: 64
address sizes	: 39 bits physical, 48 bits virtual
power management:

processor	: 1
vendor_id	: GenuineIntel
cpu family	: 6
model		: 94
model name	: Intel(R) Core(TM) i7-6820HQ CPU @ 2.70GHz
stepping	: 3
microcode	: 0xc2
cpu MHz		: 2955.207
cache size	: 8192 KB
physical id	: 0
siblings	: 8
core id		: 1
cpu cores	: 4
apicid		: 2
initial apicid	: 2
fpu		: yes
fpu_exception	: yes
cpuid level	: 22
wp		: yes
flags		: fpu vme de pse tsc msr pae mce cx8 apic sep mtrr pge mca cmov pat pse36 clflush dts acpi mmx fxsr sse sse2 ss ht tm pbe syscall nx pdpe1gb rdtscp lm constant_tsc art arch_perfmon pebs bts rep_good nopl xtopology nonstop_tsc cpuid aperfmperf tsc_known_freq pni pclmulqdq dtes64 monitor ds_cpl vmx smx est tm2 ssse3 sdbg fma cx16 xtpr pdcm pcid sse4_1 sse4_2 x2apic movbe popcnt tsc_deadline_timer aes xsave avx f16c rdrand lahf_lm abm 3dnowprefetch cpuid_fault epb invpcid_single pti ibrs ibpb stibp tpr_shadow vnmi flexpriority ept vpid fsgsbase tsc_adjust bmi1 hle avx2 smep bmi2 erms invpcid rtm mpx rdseed adx smap clflushopt intel_pt xsaveopt xsavec xgetbv1 xsaves dtherm ida arat pln pts hwp hwp_notify hwp_act_window hwp_epp
bugs		: cpu_meltdown spectre_v1 spectre_v2 spec_store_bypass
bogomips	: 5424.00
clflush size	: 64
cache_alignment	: 64
address sizes	: 39 bits physical, 48 bits virtual
power management:

processor	: 2
vendor_id	: GenuineIntel
cpu family	: 6
model		: 94
model name	: Intel(R) Core(TM) i7-6820HQ CPU @ 2.70GHz
stepping	: 3
microcode	: 0xc2
cpu MHz		: 2963.699
cache size	: 8192 KB
physical id	: 0
siblings	: 8
core id		: 2
cpu cores	: 4
apicid		: 4
initial apicid	: 4
fpu		: yes
fpu_exception	: yes
cpuid level	: 22
wp		: yes
flags		: fpu vme de pse tsc msr pae mce cx8 apic sep mtrr pge mca cmov pat pse36 clflush dts acpi mmx fxsr sse sse2 ss ht tm pbe syscall nx pdpe1gb rdtscp lm constant_tsc art arch_perfmon pebs bts rep_good nopl xtopology nonstop_tsc cpuid aperfmperf tsc_known_freq pni pclmulqdq dtes64 monitor ds_cpl vmx smx est tm2 ssse3 sdbg fma cx16 xtpr pdcm pcid sse4_1 sse4_2 x2apic movbe popcnt tsc_deadline_timer aes xsave avx f16c rdrand lahf_lm abm 3dnowprefetch cpuid_fault epb invpcid_single pti ibrs ibpb stibp tpr_shadow vnmi flexpriority ept vpid fsgsbase tsc_adjust bmi1 hle avx2 smep bmi2 erms invpcid rtm mpx rdseed adx smap clflushopt intel_pt xsaveopt xsavec xgetbv1 xsaves dtherm ida arat pln pts hwp hwp_notify hwp_act_window hwp_epp
bugs		: cpu_meltdown spectre_v1 spectre_v2 spec_store_bypass
bogomips	: 5424.00
clflush size	: 64
cache_alignment	: 64
address sizes	: 39 bits physical, 48 bits virtual
power management:

processor	: 3
vendor_id	: GenuineIntel
cpu family	: 6
model		: 94
model name	: Intel(R) Core(TM) i7-6820HQ CPU @ 2.70GHz
stepping	: 3
microcode	: 0xc2
cpu MHz		: 2978.677
cache size	: 8192 KB
physical id	: 0
siblings	: 8
core id		: 3
cpu cores	: 4
apicid		: 6
initial apicid	: 6
fpu		: yes
fpu_exception	: yes
cpuid level	: 22
wp		: yes
flags		: fpu vme de pse tsc msr pae mce cx8 apic sep mtrr pge mca cmov pat pse36 clflush dts acpi mmx fxsr sse sse2 ss ht tm pbe syscall nx pdpe1gb rdtscp lm constant_tsc art arch_perfmon pebs bts rep_good nopl xtopology nonstop_tsc cpuid aperfmperf tsc_known_freq pni pclmulqdq dtes64 monitor ds_cpl vmx smx est tm2 ssse3 sdbg fma cx16 xtpr pdcm pcid sse4_1 sse4_2 x2apic movbe popcnt tsc_deadline_timer aes xsave avx f16c rdrand lahf_lm abm 3dnowprefetch cpuid_fault epb invpcid_single pti ibrs ibpb stibp tpr_shadow vnmi flexpriority ept vpid fsgsbase tsc_adjust bmi1 hle avx2 smep bmi2 erms invpcid rtm mpx rdseed adx smap clflushopt intel_pt xsaveopt xsavec xgetbv1 xsaves dtherm ida arat pln pts hwp hwp_notify hwp_act_window hwp_epp
bugs		: cpu_meltdown spectre_v1 spectre_v2 spec_store_bypass
bogomips	: 5424.00
clflush size	: 64
cache_alignment	: 64
address sizes	: 39 bits physical, 48 bits virtual
power management:

processor	: 4
vendor_id	: GenuineIntel
cpu family	: 6
model		: 94
model name	: Intel(R) Core(TM) i7-6820HQ CPU @ 2.70GHz
stepping	: 3
microcode	: 0xc2
cpu MHz		: 2964.242
cache size	: 8192 KB
physical id	: 0
siblings	: 8
core id		: 0
cpu cores	: 4
apicid		: 1
initial apicid	: 1
fpu		: yes
fpu_exception	: yes
cpuid level	: 22
wp		: yes
flags		: fpu vme de pse tsc msr pae mce cx8 apic sep mtrr pge mca cmov pat pse36 clflush dts acpi mmx fxsr sse sse2 ss ht tm pbe syscall nx pdpe1gb rdtscp lm constant_tsc art arch_perfmon pebs bts rep_good nopl xtopology nonstop_tsc cpuid aperfmperf tsc_known_freq pni pclmulqdq dtes64 monitor ds_cpl vmx smx est tm2 ssse3 sdbg fma cx16 xtpr pdcm pcid sse4_1 sse4_2 x2apic movbe popcnt tsc_deadline_timer aes xsave avx f16c rdrand lahf_lm abm 3dnowprefetch cpuid_fault epb invpcid_single pti ibrs ibpb stibp tpr_shadow vnmi flexpriority ept vpid fsgsbase tsc_adjust bmi1 hle avx2 smep bmi2 erms invpcid rtm mpx rdseed adx smap clflushopt intel_pt xsaveopt xsavec xgetbv1 xsaves dtherm ida arat pln pts hwp hwp_notify hwp_act_window hwp_epp
bugs		: cpu_meltdown spectre_v1 spectre_v2 spec_store_bypass
bogomips	: 5424.00
clflush size	: 64
cache_alignment	: 64
address sizes	: 39 bits physical, 48 bits virtual
power management:

processor	: 5
vendor_id	: GenuineIntel
cpu family	: 6
model		: 94
model name	: Intel(R) Core(TM) i7-6820HQ CPU @ 2.70GHz
stepping	: 3
microcode	: 0xc2
cpu MHz		: 2983.630
cache size	: 8192 KB
physical id	: 0
siblings	: 8
core id		: 1
cpu cores	: 4
apicid		: 3
initial apicid	: 3
fpu		: yes
fpu_exception	: yes
cpuid level	: 22
wp		: yes
flags		: fpu vme de pse tsc msr pae mce cx8 apic sep mtrr pge mca cmov pat pse36 clflush dts acpi mmx fxsr sse sse2 ss ht tm pbe syscall nx pdpe1gb rdtscp lm constant_tsc art arch_perfmon pebs bts rep_good nopl xtopology nonstop_tsc cpuid aperfmperf tsc_known_freq pni pclmulqdq dtes64 monitor ds_cpl vmx smx est tm2 ssse3 sdbg fma cx16 xtpr pdcm pcid sse4_1 sse4_2 x2apic movbe popcnt tsc_deadline_timer aes xsave avx f16c rdrand lahf_lm abm 3dnowprefetch cpuid_fault epb invpcid_single pti ibrs ibpb stibp tpr_shadow vnmi flexpriority ept vpid fsgsbase tsc_adjust bmi1 hle avx2 smep bmi2 erms invpcid rtm mpx rdseed adx smap clflushopt intel_pt xsaveopt xsavec xgetbv1 xsaves dtherm ida arat pln pts hwp hwp_notify hwp_act_window hwp_epp
bugs		: cpu_meltdown spectre_v1 spectre_v2 spec_store_bypass
bogomips	: 5424.00
clflush size	: 64
cache_alignment	: 64
address sizes	: 39 bits physical, 48 bits virtual
power management:

processor	: 6
vendor_id	: GenuineIntel
cpu family	: 6
model		: 94
model name	: Intel(R) Core(TM) i7-6820HQ CPU @ 2.70GHz
stepping	: 3
microcode	: 0xc2
cpu MHz		: 2963.737
cache size	: 8192 KB
physical id	: 0
siblings	: 8
core id		: 2
cpu cores	: 4
apicid		: 5
initial apicid	: 5
fpu		: yes
fpu_exception	: yes
cpuid level	: 22
wp		: yes
flags		: fpu vme de pse tsc msr pae mce cx8 apic sep mtrr pge mca cmov pat pse36 clflush dts acpi mmx fxsr sse sse2 ss ht tm pbe syscall nx pdpe1gb rdtscp lm constant_tsc art arch_perfmon pebs bts rep_good nopl xtopology nonstop_tsc cpuid aperfmperf tsc_known_freq pni pclmulqdq dtes64 monitor ds_cpl vmx smx est tm2 ssse3 sdbg fma cx16 xtpr pdcm pcid sse4_1 sse4_2 x2apic movbe popcnt tsc_deadline_timer aes xsave avx f16c rdrand lahf_lm abm 3dnowprefetch cpuid_fault epb invpcid_single pti ibrs ibpb stibp tpr_shadow vnmi flexpriority ept vpid fsgsbase tsc_adjust bmi1 hle avx2 smep bmi2 erms invpcid rtm mpx rdseed adx smap clflushopt intel_pt xsaveopt xsavec xgetbv1 xsaves dtherm ida arat pln pts hwp hwp_notify hwp_act_window hwp_epp
bugs		: cpu_meltdown spectre_v1 spectre_v2 spec_store_bypass
bogomips	: 5424.00
clflush size	: 64
cache_alignment	: 64
address sizes	: 39 bits physical, 48 bits virtual
power management:

processor	: 7
vendor_id	: GenuineIntel
cpu family	: 6
model		: 94
model name	: Intel(R) Core(TM) i7-6820HQ CPU @ 2.70GHz
stepping	: 3
microcode	: 0xc2
cpu MHz		: 2952.454
cache size	: 8192 KB
physical id	: 0
siblings	: 8
core id		: 3
cpu cores	: 4
apicid		: 7
initial apicid	: 7
fpu		: yes
fpu_exception	: yes
cpuid level	: 22
wp		: yes
flags		: fpu vme de pse tsc msr pae mce cx8 apic sep mtrr pge mca cmov pat pse36 clflush dts acpi mmx fxsr sse sse2 ss ht tm pbe syscall nx pdpe1gb rdtscp lm constant_tsc art arch_perfmon pebs bts rep_good nopl xtopology nonstop_tsc cpuid aperfmperf tsc_known_freq pni pclmulqdq dtes64 monitor ds_cpl vmx smx est tm2 ssse3 sdbg fma cx16 xtpr pdcm pcid sse4_1 sse4_2 x2apic movbe popcnt tsc_deadline_timer aes xsave avx f16c rdrand lahf_lm abm 3dnowprefetch cpuid_fault epb invpcid_single pti ibrs ibpb stibp tpr_shadow vnmi flexpriority ept vpid fsgsbase tsc_adjust bmi1 hle avx2 smep bmi2 erms invpcid rtm mpx rdseed adx smap clflushopt intel_pt xsaveopt xsavec xgetbv1 xsaves dtherm ida arat pln pts hwp hwp_notify hwp_act_window hwp_epp
bugs		: cpu_meltdown spectre_v1 spectre_v2 spec_store_bypass
bogomips	: 5424.00
clflush size	: 64
cache_alignment	: 64
address sizes	: 39 bits physical, 48 bits virtual
power management:



Memory: 4k page, physical 15846676k(148692k free), swap 8191996k(0k free)

vm_info: Java HotSpot(TM) 64-Bit Server VM (25.171-b11) for linux-amd64 JRE (1.8.0_171-b11), built on Mar 28 2018 17:07:08 by "java_re" with gcc 4.3.0 20080428 (Red Hat 4.3.0-8)

time: Wed Sep  5 16:40:02 2018
elapsed time: 9 seconds (0d 0h 0m 9s)

